#
# A fatal error has been detected by the Java Runtime Environment:
#
#  Internal Error (javaClasses.cpp:129), pid=5100, tid=1888
#  fatal error: Invalid layout of preloaded class
#
# JRE version: 7.0_13-b20
# Java VM: Java HotSpot(TM) 64-Bit Server VM (23.7-b01 mixed mode windows-amd64 compressed oops)
# Failed to write core dump. Minidumps are not enabled by default on client versions of Windows
#
# If you would like to submit a bug report, please visit:
#   http://bugreport.sun.com/bugreport/crash.jsp
#

---------------  T H R E A D  ---------------

Current thread (0x00000000029ad800):  JavaThread "Unknown thread" [_thread_in_vm, id=1888, stack(0x0000000002ab0000,0x0000000002bb0000)]

Stack: [0x0000000002ab0000,0x0000000002bb0000]

---------------  P R O C E S S  ---------------

Java Threads: ( => current thread )

Other Threads:

=>0x00000000029ad800 (exited) JavaThread "Unknown thread" [_thread_in_vm, id=1888, stack(0x0000000002ab0000,0x0000000002bb0000)]

VM state:not at safepoint (not fully initialized)

VM Mutex/Monitor currently owned by a thread: None

GC Heap History (0 events):
No events

Deoptimization events (0 events):
No events

Internal exceptions (0 events):
No events

Events (10 events):
Event: 0.011 loading class 0x0000000002bc1830
Event: 0.012 loading class 0x0000000002bc1830 done
Event: 0.012 loading class 0x0000000002bc1770
Event: 0.012 loading class 0x0000000002bc1d10
Event: 0.012 loading class 0x0000000002bc1d10 done
Event: 0.012 loading class 0x0000000002c01c60
Event: 0.012 loading class 0x0000000002c01c60 done
Event: 0.013 loading class 0x0000000002bc1770 done
Event: 0.013 loading class 0x0000000002bc1a70
Event: 0.013 loading class 0x0000000002bc1a70 done


Dynamic libraries:
0x000007f6feec0000 - 0x000007f6feef3000 	C:\Program Files\Java\jre7\bin\javaw.exe
0x000007fe18340000 - 0x000007fe184fe000 	C:\WINDOWS\SYSTEM32\ntdll.dll
0x000007fe16050000 - 0x000007fe16186000 	C:\WINDOWS\system32\KERNEL32.DLL
0x000007fe15540000 - 0x000007fe15633000 	C:\WINDOWS\system32\KERNELBASE.dll
0x000007fe16850000 - 0x000007fe1692e000 	C:\WINDOWS\system32\ADVAPI32.dll
0x000007fe15a40000 - 0x000007fe15b8c000 	C:\WINDOWS\system32\USER32.dll
0x000007fe13130000 - 0x000007fe13399000 	C:\WINDOWS\WinSxS\amd64_microsoft.windows.common-controls_6595b64144ccf1df_6.0.9200.16384_none_418c2a697189c07f\COMCTL32.dll
0x000007fe15940000 - 0x000007fe159e5000 	C:\WINDOWS\system32\msvcrt.dll
0x000007fe182f0000 - 0x000007fe18338000 	C:\WINDOWS\SYSTEM32\sechost.dll
0x000007fe16b00000 - 0x000007fe16c40000 	C:\WINDOWS\system32\RPCRT4.dll
0x000007fe16190000 - 0x000007fe162d0000 	C:\WINDOWS\system32\GDI32.dll
0x000007fe159f0000 - 0x000007fe15a29000 	C:\WINDOWS\system32\IMM32.DLL
0x000007fe181d0000 - 0x000007fe182e5000 	C:\WINDOWS\system32\MSCTF.dll
0x00000000500d0000 - 0x00000000501a1000 	C:\Program Files\Java\jre7\bin\msvcr100.dll
0x00000000778e0000 - 0x0000000077fff000 	C:\Program Files\Java\jre7\bin\server\jvm.dll
0x000007fe0f760000 - 0x000007fe0f769000 	C:\WINDOWS\SYSTEM32\WSOCK32.dll
0x000007fe0c730000 - 0x000007fe0c750000 	C:\WINDOWS\SYSTEM32\WINMM.dll
0x000007fe15a30000 - 0x000007fe15a37000 	C:\WINDOWS\system32\PSAPI.DLL
0x000007fe16340000 - 0x000007fe16398000 	C:\WINDOWS\system32\WS2_32.dll
0x000007fe0c6f0000 - 0x000007fe0c722000 	C:\WINDOWS\SYSTEM32\WINMMBASE.dll
0x000007fe15890000 - 0x000007fe15899000 	C:\WINDOWS\system32\NSI.dll
0x00000000500c0000 - 0x00000000500cf000 	C:\Program Files\Java\jre7\bin\verify.dll
0x0000000050090000 - 0x00000000500b8000 	C:\Program Files\Java\jre7\bin\java.dll
0x0000000050070000 - 0x0000000050085000 	C:\Program Files\Java\jre7\bin\zip.dll

VM Arguments:
jvm_args: -Dfile.encoding=Cp1252 -Xbootclasspath:C:\Program Files (x86)\leJOS NXJ\lib\nxt\classes.jar 
java_command: lab4.Test
Launcher Type: SUN_STANDARD

Environment Variables:
PATH=C:/Program Files (x86)/Java/jre7/bin/client;C:/Program Files (x86)/Java/jre7/bin;C:/Program Files (x86)/Java/jre7/lib/i386;C:\WINDOWS\system32;C:\WINDOWS;C:\WINDOWS\System32\Wbem;C:\WINDOWS\System32\WindowsPowerShell\v1.0\;C:\Program Files (x86)\PharosSystems\Core;C:\VXIPNP\WinNT\Bin;C:\Program Files (x86)\leJOS NXJ\bin;C:\RailsInstaller\Git\cmd;C:\RailsInstaller\Ruby1.9.3\bin;C:\Users\skl407\Downloads\eclipse-SDK-4.2.1-win32\eclipse;
USERNAME=skl407
OS=Windows_NT
PROCESSOR_IDENTIFIER=Intel64 Family 6 Model 37 Stepping 2, GenuineIntel



---------------  S Y S T E M  ---------------

OS: Windows 8 , 64 bit Build 9200 

CPU:total 4 (2 cores per cpu, 2 threads per core) family 6 model 37 stepping 2, cmov, cx8, fxsr, mmx, sse, sse2, sse3, ssse3, sse4.1, sse4.2, popcnt, ht, tsc, tscinvbit

Memory: 4k page, physical 1953452k(334312k free), swap 3919532k(1488764k free)

vm_info: Java HotSpot(TM) 64-Bit Server VM (23.7-b01) for windows-amd64 JRE (1.7.0_13-b20), built on Jan 30 2013 10:10:00 by "java_re" with unknown MS VC++:1600

time: Tue Apr 16 07:24:53 2013
elapsed time: 0 seconds

